alien://alice/data/2025/LHC25ag_FT0/564587
alien://alice/data/2025/LHC25ag_FT0/564562
alien://alice/data/2025/LHC25ag_FT0/564528
alien://alice/data/2025/LHC25ae_FT0/564446
alien://alice/data/2025/LHC25ae_FT0/564415
alien://alice/data/2025/LHC25ad_FT0/564298
alien://alice/data/2025/LHC25ac_FT0/563949
alien://alice/data/2025/LHC25ac_FT0/563920
alien://alice/data/2025/LHC25ac_FT0/563905
alien://alice/data/2025/LHC25ac_FT0/563891
alien://alice/data/2025/LHC25ac_FT0/563862
alien://alice/data/2025/LHC25ac_FT0/563752
alien://alice/data/2025/LHC25ac_FT0/563719
alien://alice/data/2025/LHC25ac_FT0/563696
alien://alice/data/2025/LHC25ac_FT0/563612
alien://alice/data/2025/LHC25ac_FT0/563585
alien://alice/data/2025/LHC25ac_FT0/563524
alien://alice/data/2025/LHC25ac_FT0/563511
alien://alice/data/2025/LHC25ac_FT0/563469
alien://alice/data/2025/LHC25ac_FT0/563457
alien://alice/data/2025/LHC25ac_FT0/563445
alien://alice/data/2025/LHC25ac_FT0/563432
alien://alice/data/2025/LHC25ac_FT0/563419
alien://alice/data/2025/LHC25ac_FT0/563319
alien://alice/data/2025/LHC25ac_FT0/563293
alien://alice/data/2025/LHC25ac_FT0/563266
alien://alice/data/2025/LHC25ac_FT0/563198
alien://alice/data/2025/LHC25ab_FT0/563139
alien://alice/data/2025/LHC25ab_FT0/563128
alien://alice/data/2025/LHC25ab_FT0/563098
alien://alice/data/2025/LHC25ab_FT0/563060
alien://alice/data/2025/LHC25ab_FT0/563043
alien://alice/data/2025/LHC25ab_FT0/562988
alien://alice/data/2025/LHC25ab_FT0/562957
alien://alice/data/2025/LHC25ab_FT0/562865
alien://alice/data/2025/LHC25ab_FT0/562714
alien://alice/data/2025/LHC25ab_FT0/562702
alien://alice/data/2024/LHC24as_FT0/560403
alien://alice/data/2024/LHC24as_FT0/560376
alien://alice/data/2024/LHC24as_FT0/560336
alien://alice/data/2024/LHC24as_FT0/560282
alien://alice/data/2024/LHC24as_FT0/560264
alien://alice/data/2024/LHC24as_FT0/560245
alien://alice/data/2024/LHC24as_FT0/560231
alien://alice/data/2024/LHC24ar_FT0/560186
alien://alice/data/2024/LHC24ar_FT0/560171
alien://alice/data/2024/LHC24ar_FT0/560092
alien://alice/data/2024/LHC24ar_FT0/560072
alien://alice/data/2024/LHC24ar_FT0/560051
alien://alice/data/2024/LHC24ar_FT0/559988
alien://alice/data/2024/LHC24ar_FT0/559972
alien://alice/data/2024/LHC24ar_FT0/559935
alien://alice/data/2024/LHC24ar_FT0/559921
alien://alice/data/2024/LHC24ar_FT0/559858
alien://alice/data/2024/LHC24ar_FT0/559845
alien://alice/data/2024/LHC24ar_FT0/559832
alien://alice/data/2024/LHC24ar_FT0/559806
alien://alice/data/2024/LHC24ar_FT0/559790
alien://alice/data/2024/LHC24ar_FT0/559764
alien://alice/data/2024/LHC24ar_FT0/559715
alien://alice/data/2024/LHC24ar_FT0/559683
alien://alice/data/2024/LHC24ar_FT0/559663
alien://alice/data/2024/LHC24ar_FT0/559634
alien://alice/data/2024/LHC24ar_FT0/559619
alien://alice/data/2024/LHC24ar_FT0/559546
alien://alice/data/2024/LHC24ar_FT0/559516
alien://alice/data/2024/LHC24aq_FT0/559458
alien://alice/data/2024/LHC24aq_FT0/559411
alien://alice/data/2024/LHC24ap_FT0/559263
alien://alice/data/2024/LHC24ao_FT0/558809
alien://alice/data/2024/LHC24ao_FT0/558732
alien://alice/data/2024/LHC24ao_FT0/558688
alien://alice/data/2024/LHC24ao_FT0/558663
alien://alice/data/2024/LHC24ao_FT0/558640
alien://alice/data/2024/LHC24ao_FT0/558617
alien://alice/data/2024/LHC24ao_FT0/558557
alien://alice/data/2024/LHC24ao_FT0/558538
alien://alice/data/2024/LHC24ao_FT0/558469
alien://alice/data/2024/LHC24ao_FT0/558412
alien://alice/data/2024/LHC24ao_FT0/558342
alien://alice/data/2024/LHC24ao_FT0/558309
alien://alice/data/2024/LHC24ao_FT0/558162
alien://alice/data/2024/LHC24ao_FT0/558130
alien://alice/data/2024/LHC24an_FT0/557899
alien://alice/data/2024/LHC24an_FT0/557880
alien://alice/data/2024/LHC24an_FT0/557752
alien://alice/data/2024/LHC24an_FT0/557668
alien://alice/data/2024/LHC24an_FT0/557558
alien://alice/data/2024/LHC24an_FT0/557536
alien://alice/data/2024/LHC24an_FT0/557353
alien://alice/data/2024/LHC24an_FT0/557307
alien://alice/data/2024/LHC24an_FT0/557238
alien://alice/data/2024/LHC24an_FT0/557077
alien://alice/data/2024/LHC24an_FT0/556986
alien://alice/data/2024/LHC24an_FT0/556968
alien://alice/data/2024/LHC24an_FT0/556927
alien://alice/data/2024/LHC24an_FT0/556894
alien://alice/data/2024/LHC24an_FT0/556877
alien://alice/data/2024/LHC24an_FT0/556823
alien://alice/data/2024/LHC24an_FT0/556722
alien://alice/data/2024/LHC24an_FT0/556645
alien://alice/data/2024/LHC24an_FT0/556574
alien://alice/data/2024/LHC24an_FT0/556531
alien://alice/data/2024/LHC24an_FT0/556441
alien://alice/data/2024/LHC24an_FT0/556392
alien://alice/data/2024/LHC24an_FT0/556376
alien://alice/data/2024/LHC24an_FT0/556290
alien://alice/data/2024/LHC24an_FT0/556272
alien://alice/data/2024/LHC24an_FT0/556252
alien://alice/data/2024/LHC24an_FT0/556191
alien://alice/data/2024/LHC24am_FT0/555978
alien://alice/data/2024/LHC24am_FT0/555943
alien://alice/data/2024/LHC24am_FT0/555904
alien://alice/data/2024/LHC24am_FT0/555888
alien://alice/data/2024/LHC24am_FT0/555805
alien://alice/data/2024/LHC24am_FT0/555726
alien://alice/data/2024/LHC24am_FT0/555414
alien://alice/data/2024/LHC24al_FT0/555272
alien://alice/data/2024/LHC24al_FT0/555176
alien://alice/data/2024/LHC24al_FT0/555075
alien://alice/data/2024/LHC24al_FT0/555052
alien://alice/data/2024/LHC24al_FT0/555009
alien://alice/data/2024/LHC24al_FT0/554935
alien://alice/data/2024/LHC24al_FT0/554853
alien://alice/data/2024/LHC24al_FT0/554823
alien://alice/data/2024/LHC24al_FT0/554779
alien://alice/data/2024/LHC24al_FT0/554738
alien://alice/data/2024/LHC24al_FT0/554593
alien://alice/data/2024/LHC24al_FT0/554511
alien://alice/data/2024/LHC24al_FT0/554475
alien://alice/data/2024/LHC24al_FT0/554432
alien://alice/data/2024/LHC24al_FT0/554370
alien://alice/data/2024/LHC24al_FT0/554328
alien://alice/data/2024/LHC24al_FT0/554238
alien://alice/data/2024/LHC24al_FT0/554150
alien://alice/data/2024/LHC24al_FT0/554102
alien://alice/data/2024/LHC24al_FT0/554011
alien://alice/data/2024/LHC24al_FT0/553887
alien://alice/data/2024/LHC24al_FT0/553852
alien://alice/data/2024/LHC24al_FT0/553797
alien://alice/data/2024/LHC24al_FT0/553759
alien://alice/data/2024/LHC24al_FT0/553745
alien://alice/data/2024/LHC24al_FT0/553715
alien://alice/data/2024/LHC24al_FT0/553641
alien://alice/data/2024/LHC24al_FT0/553617
alien://alice/data/2024/LHC24al_FT0/553572
alien://alice/data/2024/LHC24al_FT0/553544
alien://alice/data/2024/LHC24al_FT0/553519
alien://alice/data/2024/LHC24al_FT0/553488
alien://alice/data/2024/LHC24al_FT0/553316
alien://alice/data/2024/LHC24al_FT0/553279
alien://alice/data/2024/LHC24al_FT0/553237
alien://alice/data/2024/LHC24ak_FT0/553121
alien://alice/data/2024/LHC24aj_FT0/552386
alien://alice/data/2024/LHC24aj_FT0/552319
alien://alice/data/2024/LHC24aj_FT0/552307
alien://alice/data/2024/LHC24aj_FT0/552287
alien://alice/data/2024/LHC24aj_FT0/552210
alien://alice/data/2024/LHC24aj_FT0/552183
alien://alice/data/2024/LHC24aj_FT0/552160
alien://alice/data/2024/LHC24aj_FT0/552083
alien://alice/data/2024/LHC24aj_FT0/552008
alien://alice/data/2024/LHC24aj_FT0/551934
alien://alice/data/2024/LHC24aj_FT0/551880
alien://alice/data/2024/LHC24aj_FT0/551784
alien://alice/data/2024/LHC24aj_FT0/551764
alien://alice/data/2024/LHC24ai_FT0/551734
alien://alice/data/2024/LHC24ah_FT0/551721
alien://alice/data/2024/LHC24ah_FT0/551689
alien://alice/data/2024/LHC24ag_FT0/551433
alien://alice/data/2024/LHC24ag_FT0/551376
alien://alice/data/2024/LHC24ag_FT0/551300
alien://alice/data/2024/LHC24ag_FT0/551237
alien://alice/data/2024/LHC24ag_FT0/551156
alien://alice/data/2024/LHC24ag_FT0/551140
alien://alice/data/2024/LHC24ag_FT0/551095
alien://alice/data/2024/LHC24ag_FT0/551073
alien://alice/data/2024/LHC24af_FT0/550897
alien://alice/data/2024/LHC24af_FT0/550788
alien://alice/data/2024/LHC24af_FT0/550696
alien://alice/data/2024/LHC24af_FT0/550661
alien://alice/data/2024/LHC24af_FT0/550544
alien://alice/data/2024/LHC24af_FT0/550443
alien://alice/data/2024/LHC24af_FT0/550429
alien://alice/data/2024/LHC24af_FT0/550381
alien://alice/data/2024/LHC24ae_FT0/550244
alien://alice/data/2024/LHC24ae_FT0/550230
alien://alice/data/2024/LHC24ae_FT0/549983
alien://alice/data/2024/LHC24ae_FT0/549958
alien://alice/data/2024/LHC24ae_FT0/549853
alien://alice/data/2024/LHC24ae_FT0/549824
alien://alice/data/2024/LHC24ae_FT0/549749
alien://alice/data/2024/LHC24ae_FT0/549685
alien://alice/data/2024/LHC24ad_FT0/549661
alien://alice/data/2024/LHC24ac_FT0/549617
alien://alice/data/2023/LHC23zz_FT0/543540
alien://alice/data/2023/LHC23zz_FT0/543520
alien://alice/data/2023/LHC23zx_FT0/543445
alien://alice/data/2023/LHC23zx_FT0/543274
alien://alice/data/2022/LHC22t_FT0/529693
